ERROR - 2023-06-06 06:37:59 --> Error connecting to the database: mysqli_sql_exception: Access denied for user ''@'localhost' (using password: NO) in /Users/ashleyjuan/CodeIgniter4-Todolist/vendor/codeigniter4/framework/system/Database/MySQLi/Connection.php:173
Stack trace:
#0 /Users/ashleyjuan/CodeIgniter4-Todolist/vendor/codeigniter4/framework/system/Database/MySQLi/Connection.php(173): mysqli->real_connect('localhost', '', Object(SensitiveParameterValue), '', 3306, '', 0)
#1 /Users/ashleyjuan/CodeIgniter4-Todolist/vendor/codeigniter4/framework/system/Database/BaseConnection.php(391): CodeIgniter\Database\MySQLi\Connection->connect(false)
#2 /Users/ashleyjuan/CodeIgniter4-Todolist/vendor/codeigniter4/framework/system/Database/BaseConnection.php(574): CodeIgniter\Database\BaseConnection->initialize()
#3 /Users/ashleyjuan/CodeIgniter4-Todolist/vendor/codeigniter4/framework/system/Database/BaseConnection.php(1409): CodeIgniter\Database\BaseConnection->query('SHOW TABLES FRO...')
#4 /Users/ashleyjuan/CodeIgniter4-Todolist/vendor/codeigniter4/framework/system/Database/BaseConnection.php(1428): CodeIgniter\Database\BaseConnection->listTables()
#5 /Users/ashleyjuan/CodeIgniter4-Todolist/vendor/codeigniter4/framework/system/Database/MigrationRunner.php(768): CodeIgniter\Database\BaseConnection->tableExists('migrations')
#6 /Users/ashleyjuan/CodeIgniter4-Todolist/vendor/codeigniter4/framework/system/Database/MigrationRunner.php(168): CodeIgniter\Database\MigrationRunner->ensureTable()
#7 /Users/ashleyjuan/CodeIgniter4-Todolist/vendor/codeigniter4/framework/system/Commands/Database/Migrate.php(84): CodeIgniter\Database\MigrationRunner->latest(NULL)
#8 /Users/ashleyjuan/CodeIgniter4-Todolist/vendor/codeigniter4/framework/system/CLI/Commands.php(65): CodeIgniter\Commands\Database\Migrate->run(Array)
#9 /Users/ashleyjuan/CodeIgniter4-Todolist/vendor/codeigniter4/framework/system/CLI/Console.php(37): CodeIgniter\CLI\Commands->run('migrate', Array)
#10 /Users/ashleyjuan/CodeIgniter4-Todolist/spark(97): CodeIgniter\CLI\Console->run()
#11 {main}

Next CodeIgniter\Database\Exceptions\DatabaseException: Access denied for user ''@'localhost' (using password: NO) in /Users/ashleyjuan/CodeIgniter4-Todolist/vendor/codeigniter4/framework/system/Database/MySQLi/Connection.php:218
Stack trace:
#0 /Users/ashleyjuan/CodeIgniter4-Todolist/vendor/codeigniter4/framework/system/Database/BaseConnection.php(391): CodeIgniter\Database\MySQLi\Connection->connect(false)
#1 /Users/ashleyjuan/CodeIgniter4-Todolist/vendor/codeigniter4/framework/system/Database/BaseConnection.php(574): CodeIgniter\Database\BaseConnection->initialize()
#2 /Users/ashleyjuan/CodeIgniter4-Todolist/vendor/codeigniter4/framework/system/Database/BaseConnection.php(1409): CodeIgniter\Database\BaseConnection->query('SHOW TABLES FRO...')
#3 /Users/ashleyjuan/CodeIgniter4-Todolist/vendor/codeigniter4/framework/system/Database/BaseConnection.php(1428): CodeIgniter\Database\BaseConnection->listTables()
#4 /Users/ashleyjuan/CodeIgniter4-Todolist/vendor/codeigniter4/framework/system/Database/MigrationRunner.php(768): CodeIgniter\Database\BaseConnection->tableExists('migrations')
#5 /Users/ashleyjuan/CodeIgniter4-Todolist/vendor/codeigniter4/framework/system/Database/MigrationRunner.php(168): CodeIgniter\Database\MigrationRunner->ensureTable()
#6 /Users/ashleyjuan/CodeIgniter4-Todolist/vendor/codeigniter4/framework/system/Commands/Database/Migrate.php(84): CodeIgniter\Database\MigrationRunner->latest(NULL)
#7 /Users/ashleyjuan/CodeIgniter4-Todolist/vendor/codeigniter4/framework/system/CLI/Commands.php(65): CodeIgniter\Commands\Database\Migrate->run(Array)
#8 /Users/ashleyjuan/CodeIgniter4-Todolist/vendor/codeigniter4/framework/system/CLI/Console.php(37): CodeIgniter\CLI\Commands->run('migrate', Array)
#9 /Users/ashleyjuan/CodeIgniter4-Todolist/spark(97): CodeIgniter\CLI\Console->run()
#10 {main}
